{
  "stats": {
    "suites": 9,
    "tests": 9,
    "passes": 9,
    "pending": 0,
    "failures": 0,
    "start": "2022-11-29T11:16:16.056Z",
    "end": "2022-11-29T11:16:16.307Z",
    "duration": 251,
    "testsRegistered": 9,
    "passPercent": 100,
    "pendingPercent": 0,
    "other": 0,
    "hasOther": false,
    "skipped": 0,
    "hasSkipped": false
  },
  "results": [
    {
      "uuid": "c6719b85-d1ce-4ae7-a54c-d05875a10b16",
      "title": "",
      "fullFile": "",
      "file": "",
      "beforeHooks": [],
      "afterHooks": [
        {
          "title": "\"after all\" hook in \"{root}\"",
          "fullTitle": "\"after all\" hook in \"{root}\"",
          "timedOut": false,
          "duration": 0,
          "state": null,
          "speed": null,
          "pass": false,
          "fail": false,
          "pending": false,
          "context": null,
          "code": "done();",
          "err": {},
          "uuid": "9b2d082b-f3c6-4814-bd9a-66e59deef4b9",
          "parentUUID": "c6719b85-d1ce-4ae7-a54c-d05875a10b16",
          "isHook": true,
          "skipped": false
        }
      ],
      "tests": [],
      "suites": [
        {
          "uuid": "dae89c6f-64bb-488d-b5ff-1277c0801ebe",
          "title": "POST /api/mekanlar",
          "fullFile": "C:\\Users\\senaz\\Desktop\\mekanbul4\\test.js",
          "file": "\\test.js",
          "beforeHooks": [],
          "afterHooks": [],
          "tests": [
            {
              "title": "Yeni mekan ekle:",
              "fullTitle": "POST /api/mekanlar Yeni mekan ekle:",
              "timedOut": false,
              "duration": 109,
              "state": "passed",
              "speed": "slow",
              "pass": true,
              "fail": false,
              "pending": false,
              "context": null,
              "code": "const response = await request.post(\"/api/mekanlar\").send({\n  ad: \"Starbucks\",\n  adres: \"Centrum Garden\",\n  puan: 5,\n  imkanlar: \"çay,kahve,pasta\",\n  enlem: 37.83226584629666,\n  boylam: 30.524732239878013,\n  gunler1: \"Pazartesi-Cuma\",\n  acilis1: \"9:00\",\n  kapanis1: \"23:00\",\n  kapali1: false,\n  gunler2: \"Cumartesi-Pazar\",\n  acilis2: \"11:00\",\n  kapanis2: \"17:00\",\n  kapali2: false,\n});\nexpect(response.status).to.eql(201);\nprocess.env.mekanid = response.body._id;",
              "err": {},
              "uuid": "b3a65977-b226-40a7-a13c-f6694019c164",
              "parentUUID": "dae89c6f-64bb-488d-b5ff-1277c0801ebe",
              "isHook": false,
              "skipped": false
            }
          ],
          "suites": [],
          "passes": [
            "b3a65977-b226-40a7-a13c-f6694019c164"
          ],
          "failures": [],
          "pending": [],
          "skipped": [],
          "duration": 109,
          "root": false,
          "rootEmpty": false,
          "_timeout": 10000
        },
        {
          "uuid": "ec3ff878-835a-4416-b101-4050c04ddbd5",
          "title": "GET /api/mekanlar",
          "fullFile": "C:\\Users\\senaz\\Desktop\\mekanbul4\\test.js",
          "file": "\\test.js",
          "beforeHooks": [],
          "afterHooks": [],
          "tests": [
            {
              "title": "Girilen konum civarındaki tüm mekanları listele:",
              "fullTitle": "GET /api/mekanlar Girilen konum civarındaki tüm mekanları listele:",
              "timedOut": false,
              "duration": 22,
              "state": "passed",
              "speed": "fast",
              "pass": true,
              "fail": false,
              "pending": false,
              "context": null,
              "code": "const response = await request.get(\"/api/mekanlar?enlem=37&boylam=35\");\nexpect(response.status).to.eql(200);",
              "err": {},
              "uuid": "3601cc6e-29c1-4658-8bd3-5f56cfe1cc32",
              "parentUUID": "ec3ff878-835a-4416-b101-4050c04ddbd5",
              "isHook": false,
              "skipped": false
            }
          ],
          "suites": [],
          "passes": [
            "3601cc6e-29c1-4658-8bd3-5f56cfe1cc32"
          ],
          "failures": [],
          "pending": [],
          "skipped": [],
          "duration": 22,
          "root": false,
          "rootEmpty": false,
          "_timeout": 10000
        },
        {
          "uuid": "0fa8b8d6-bc1e-45c6-8003-68d6f8585c4b",
          "title": "GET /api/mekanlar/:mekanid",
          "fullFile": "C:\\Users\\senaz\\Desktop\\mekanbul4\\test.js",
          "file": "\\test.js",
          "beforeHooks": [],
          "afterHooks": [],
          "tests": [
            {
              "title": "Mekan getir:",
              "fullTitle": "GET /api/mekanlar/:mekanid Mekan getir:",
              "timedOut": false,
              "duration": 18,
              "state": "passed",
              "speed": "fast",
              "pass": true,
              "fail": false,
              "pending": false,
              "context": null,
              "code": "const response = await request.get(`/api/mekanlar/${process.env.mekanid}`);\nexpect(response.status).to.eql(200);",
              "err": {},
              "uuid": "006827d6-bd1f-415f-8b98-867ad75e768d",
              "parentUUID": "0fa8b8d6-bc1e-45c6-8003-68d6f8585c4b",
              "isHook": false,
              "skipped": false
            }
          ],
          "suites": [],
          "passes": [
            "006827d6-bd1f-415f-8b98-867ad75e768d"
          ],
          "failures": [],
          "pending": [],
          "skipped": [],
          "duration": 18,
          "root": false,
          "rootEmpty": false,
          "_timeout": 10000
        },
        {
          "uuid": "4afe55a3-9c29-4d09-9097-473745b27e8a",
          "title": "PUT /api/mekanlar/:mekanid",
          "fullFile": "C:\\Users\\senaz\\Desktop\\mekanbul4\\test.js",
          "file": "\\test.js",
          "beforeHooks": [],
          "afterHooks": [],
          "tests": [
            {
              "title": "Mekan Güncelle:",
              "fullTitle": "PUT /api/mekanlar/:mekanid Mekan Güncelle:",
              "timedOut": false,
              "duration": 19,
              "state": "passed",
              "speed": "fast",
              "pass": true,
              "fail": false,
              "pending": false,
              "context": null,
              "code": "const response = await request\n  .put(`/api/mekanlar/${process.env.mekanid}`)\n  .send({\n    ad: \"Starbucks SDÜ\",\n    adres: \"SDÜ Doğu Kampüsü\",\n    puan: 3,\n    imkanlar: \"çay,kahve,pasta,refresher\",\n    enlem: 37.8,\n    boylam: 30.5,\n    gunler1: \"Pazartesi-Cuma\",\n    acilis1: \"9:10\",\n    kapanis1: \"23:10\",\n    kapali1: true,\n    gunler2: \"Cumartesi-Pazar\",\n    acilis2: \"11:10\",\n    kapanis2: \"17:10\",\n    kapali2: true,\n  });\nexpect(response.status).to.eql(200);",
              "err": {},
              "uuid": "5e39a73a-8010-442e-b1e9-20e0444a6953",
              "parentUUID": "4afe55a3-9c29-4d09-9097-473745b27e8a",
              "isHook": false,
              "skipped": false
            }
          ],
          "suites": [],
          "passes": [
            "5e39a73a-8010-442e-b1e9-20e0444a6953"
          ],
          "failures": [],
          "pending": [],
          "skipped": [],
          "duration": 19,
          "root": false,
          "rootEmpty": false,
          "_timeout": 10000
        },
        {
          "uuid": "9ecf8d4f-85f7-4e28-be3a-9bb95ceb94e0",
          "title": "POST /api/mekanlar/:mekanid/yorumlar",
          "fullFile": "C:\\Users\\senaz\\Desktop\\mekanbul4\\test.js",
          "file": "\\test.js",
          "beforeHooks": [],
          "afterHooks": [],
          "tests": [
            {
              "title": "Yorum ekle:",
              "fullTitle": "POST /api/mekanlar/:mekanid/yorumlar Yorum ekle:",
              "timedOut": false,
              "duration": 15,
              "state": "passed",
              "speed": "fast",
              "pass": true,
              "fail": false,
              "pending": false,
              "context": null,
              "code": "const response = await request\n  .post(`/api/mekanlar/${process.env.mekanid}/yorumlar`)\n  .send({\n    yorumYapan: \"ASY\",\n    puan: 5,\n    yorumMetni: \"Kahveler harika\",\n  });\nprocess.env.yorumid = response.body._id;\nexpect(response.status).to.eql(201);",
              "err": {},
              "uuid": "1b708f0c-2391-4795-bc0d-a5f09172b69a",
              "parentUUID": "9ecf8d4f-85f7-4e28-be3a-9bb95ceb94e0",
              "isHook": false,
              "skipped": false
            }
          ],
          "suites": [],
          "passes": [
            "1b708f0c-2391-4795-bc0d-a5f09172b69a"
          ],
          "failures": [],
          "pending": [],
          "skipped": [],
          "duration": 15,
          "root": false,
          "rootEmpty": false,
          "_timeout": 10000
        },
        {
          "uuid": "321ff764-9ab5-47d4-a3f8-3956ef298c39",
          "title": "GET /api/mekanlar/:mekanid/yorumlar/:yorumid",
          "fullFile": "C:\\Users\\senaz\\Desktop\\mekanbul4\\test.js",
          "file": "\\test.js",
          "beforeHooks": [],
          "afterHooks": [],
          "tests": [
            {
              "title": "Yorum getir:",
              "fullTitle": "GET /api/mekanlar/:mekanid/yorumlar/:yorumid Yorum getir:",
              "timedOut": false,
              "duration": 9,
              "state": "passed",
              "speed": "fast",
              "pass": true,
              "fail": false,
              "pending": false,
              "context": null,
              "code": "const response = await request.get(\n  `/api/mekanlar/${process.env.mekanid}/yorumlar/${process.env.yorumid}`\n);\nexpect(response.status).to.eql(200);",
              "err": {},
              "uuid": "eb271c73-7f5a-4ba0-9542-cb55ceb440eb",
              "parentUUID": "321ff764-9ab5-47d4-a3f8-3956ef298c39",
              "isHook": false,
              "skipped": false
            }
          ],
          "suites": [],
          "passes": [
            "eb271c73-7f5a-4ba0-9542-cb55ceb440eb"
          ],
          "failures": [],
          "pending": [],
          "skipped": [],
          "duration": 9,
          "root": false,
          "rootEmpty": false,
          "_timeout": 10000
        },
        {
          "uuid": "bbdcb327-b03c-491f-b29a-d56dbe6dbcd6",
          "title": "PUT /api/mekanlar/:mekanid/yorumlar/:yorumid",
          "fullFile": "C:\\Users\\senaz\\Desktop\\mekanbul4\\test.js",
          "file": "\\test.js",
          "beforeHooks": [],
          "afterHooks": [],
          "tests": [
            {
              "title": "Yorum güncelle:",
              "fullTitle": "PUT /api/mekanlar/:mekanid/yorumlar/:yorumid Yorum güncelle:",
              "timedOut": false,
              "duration": 14,
              "state": "passed",
              "speed": "fast",
              "pass": true,
              "fail": false,
              "pending": false,
              "context": null,
              "code": "const response = await request\n  .put(\n    `/api/mekanlar/${process.env.mekanid}/yorumlar/${process.env.yorumid}`\n  )\n  .send({\n    yorumYapan: \"Sinan\",\n    puan: 4,\n    yorumMetni: \"Kahveler harikaaaa\",\n  });\nexpect(response.status).to.eql(200);",
              "err": {},
              "uuid": "54b53c23-e924-49cf-aa94-71c6f1842398",
              "parentUUID": "bbdcb327-b03c-491f-b29a-d56dbe6dbcd6",
              "isHook": false,
              "skipped": false
            }
          ],
          "suites": [],
          "passes": [
            "54b53c23-e924-49cf-aa94-71c6f1842398"
          ],
          "failures": [],
          "pending": [],
          "skipped": [],
          "duration": 14,
          "root": false,
          "rootEmpty": false,
          "_timeout": 10000
        },
        {
          "uuid": "dbb6c6d5-3a71-4baa-9bde-c971a704411c",
          "title": "DELETE /api/mekanlar/:mekanid/yorumlar/:yorumid",
          "fullFile": "C:\\Users\\senaz\\Desktop\\mekanbul4\\test.js",
          "file": "\\test.js",
          "beforeHooks": [],
          "afterHooks": [],
          "tests": [
            {
              "title": "Yorum sil:",
              "fullTitle": "DELETE /api/mekanlar/:mekanid/yorumlar/:yorumid Yorum sil:",
              "timedOut": false,
              "duration": 15,
              "state": "passed",
              "speed": "fast",
              "pass": true,
              "fail": false,
              "pending": false,
              "context": null,
              "code": "const response = await request.delete(\n  `/api/mekanlar/${process.env.mekanid}/yorumlar/${process.env.yorumid}`\n);\nexpect(response.status).to.eql(200);",
              "err": {},
              "uuid": "0e848263-1b60-4817-baef-a83837ed7b13",
              "parentUUID": "dbb6c6d5-3a71-4baa-9bde-c971a704411c",
              "isHook": false,
              "skipped": false
            }
          ],
          "suites": [],
          "passes": [
            "0e848263-1b60-4817-baef-a83837ed7b13"
          ],
          "failures": [],
          "pending": [],
          "skipped": [],
          "duration": 15,
          "root": false,
          "rootEmpty": false,
          "_timeout": 10000
        },
        {
          "uuid": "863c7591-1e18-46ef-9b81-9f99929f8be3",
          "title": "DELETE /api/mekanlar/:mekanid",
          "fullFile": "C:\\Users\\senaz\\Desktop\\mekanbul4\\test.js",
          "file": "\\test.js",
          "beforeHooks": [],
          "afterHooks": [],
          "tests": [
            {
              "title": "Mekan sil:",
              "fullTitle": "DELETE /api/mekanlar/:mekanid Mekan sil:",
              "timedOut": false,
              "duration": 13,
              "state": "passed",
              "speed": "fast",
              "pass": true,
              "fail": false,
              "pending": false,
              "context": null,
              "code": "const response = await request.delete(\n  `/api/mekanlar/${process.env.mekanid}`\n);\nexpect(response.status).to.eql(200);",
              "err": {},
              "uuid": "18ef7519-05b9-4234-b3e2-611afdedc9cb",
              "parentUUID": "863c7591-1e18-46ef-9b81-9f99929f8be3",
              "isHook": false,
              "skipped": false
            }
          ],
          "suites": [],
          "passes": [
            "18ef7519-05b9-4234-b3e2-611afdedc9cb"
          ],
          "failures": [],
          "pending": [],
          "skipped": [],
          "duration": 13,
          "root": false,
          "rootEmpty": false,
          "_timeout": 10000
        }
      ],
      "passes": [],
      "failures": [],
      "pending": [],
      "skipped": [],
      "duration": 0,
      "root": true,
      "rootEmpty": true,
      "_timeout": 10000
    }
  ],
  "meta": {
    "mocha": {
      "version": "10.1.0"
    },
    "mochawesome": {
      "options": {
        "quiet": false,
        "reportFilename": "mochawesome",
        "saveHtml": true,
        "saveJson": true,
        "consoleReporter": "spec",
        "useInlineDiffs": false,
        "code": true
      },
      "version": "7.1.3"
    },
    "marge": {
      "options": null,
      "version": "6.2.0"
    }
  }
}